1246640132
1246640132
1246640132
1246640132
1246640132
1246640132
1246640132
1246640132
1246640132
1246640132
1246640132
1246640132
1246640132
1246640132
1246640132
1246640132
1246640132
1246640132
1246640132
1246640132
1246640132
1246640132
1246640132
1246640132
1246640132
1246640132
1246640132
1246640132
1246640132
1246640132
1246640132
1246640132
1246640132
1246640132
1246640132
1246640132
1246640132
1246640132
1246640132
1246640132
1246640132
1246640132
1246640132
1246640132
1246640132
1246640132
1246640132
1246640132
1246640132
1246640132
1246640132
1246640132
1246640132
1246640132
1246640132
1246640132
1246640132
1246640132
1246640132
1246640132
1246640132
1246640132
1246640132
1246640132
1246640132
1246640132
1246640132
1246640132
1246640132
1246640132
1246640132
1246640132
1246640132
1246640132
1246640132
1246640132
1246640132
1246640132
1246640132
1246640132
1246640132
1246640132
1246640132
1246640132
1246640132
1246640132
1246640132
1246640132
1246640132
1246640132
1246640132
1246640132
1246640132
1246640132
1246640132
1246640132
1246640132
1246640132
1246640132
1246640132
1246640132
1248153945
1246640132
1246640132
1246640132
1246640132
1246640132
1246640132
1246640132
1246640132
1246640132
1246640132
1246640132
1246640132
1246640132
1246640132
1246640132
1246640132
1246640132
1246640132
1246640132
1246640132
1246640132
1246640132
1246640132
1246640132
1246640132
1246640132
1246640132
1246640132
1246640132
1246640132
1246640132
1246640132
1246640132
1246640132
1246640132
1246640132
1246640132
1246640132
1246640132
1246640132
1246640132
1246640132
1246640132
1246640132
1246640132
1246640132
1246640132
1246640132
1246640132
1246640132
1246640132
1246640132
1246640132
1246640132
1246640132
1246640132
1246640132
1246640132
1246640132
1246640132
1246640132
1246640132
1246640132
1246640132
1246640132
1246640132
1246640132
1246640132
1246640132
1246640132
1246640132
1246640132
1246640132
1246640132
1246640132
1246640132
1246640132
1246640132
1246640132
1246640132
1246640132
1246640132
1246640132
1246640132
1246640132
1246640132
1246640132
1246640132
1246640132
1246640132
1246883260
1246640132
1246640132
1246640132
1246640132
1246640132
1246640132
1246640132
1246640132
1246640132
1246640132
1246640132
1246640132
1246640132
1246640132
1246640132
1246640132
1246640132
1246640132
1246640132
1247353217
1246640132
1246640132
1246640132
1246640132
1246640132
1246640132
1246640132
1246640132
1246640132
1246640132
1246640132
1246640132
1246640132
1246640132
1246640132
1248040509
1246640132
1246640132
1246640132
1246640132
1246640132
1246640132
1246640132
1247014500
1246640132
1246640132
1246640132
1246640132
1246640132
1246640132
1246640132
1246640132
1246640132
1246640132
1246640132
1246640132
1246640132
1246640132
1246640132
1246640132
1246640132
1246640132
1246640132
1246640132
1246640132
1246640132
1246640132
1246640132
1246640132
1246640132
1246640132
1246640132
1246640132
1246640132
1246640132
1246640132
1246640132
1246640132
1246640132
1246640132
1246640132
1246640132
1246640132
1246640132
1246640132
1246640132
1246640132
1246640132
1246640132
1246640132
1246640132
1246640132
1246640132
1246640132
1246640132
1246640132
1246640132
1246640132
1246640132
1246640132
1246640132
1246640132
1246640132
1246640132
1246640132
1246640132
1246640132
1246640132
1246640132
1246640132
1246640132
1246640132
1246640132
1246640132
1246640132
1246640132
1246640132
1246640132
1246640132
1246640132
1246640132
1246640132
1246640132
1246640132
1246640132
1246640132
1246640132
1246640132
1246640132
1246640132
1246640132
1246640132
1246640132
1246640132
1246640132
1246640132
1246640132
1246640132
1246640132
1246640132
1246640132
1246640132
1246640132
1246640132
1246640132
1246640132
1246640132
1246640132
1246640132
1246640132
1246640132
1246640132
1246640132
1246640132
1246640132
1246640132
1246640132
1246640132
1246640132
1246640132
1246640132
1246640132
1246640132
1246640132
1246640132
1246640132
1246640132
1246640132
1246640132
1246640132
1246640132
1246640132
1246640132
1246640132
1246640132
1246640132
1246640132
1246640132
1246640132
1246640132
1246640132
1246640132
1246640132
1246640132
1246640132
1246640132
1246640132
1246640132
1246640132
1246640132
1246640132
1246640132
1246640132
1246640132
1246640132
1246640132
1246640132
1246640132
1248549556
1246640132
1246640132
1246640132
1246640132
1246640132
1246640132
1246640132
1246640132
1246640132
1246640132
1246640132
1246640132
1246640132
1246640132
1246640132
1246640132
1246640132
1246640132
1246640132
1246640132
1246640132
1246640132
1246640132
1246640132
1246640132
1246640132
1246640132
1246640132
1246640132
1246640132
1246640132
1246640132
1247946305
1246640132
1246640132
1246640132
1246640132
1246640132
1246640132
1246640132
1246640132
1246640132
1246640132
1246640132
1246640132
1246640132
1248125939
1246640132
1246640132
1246640132
1246640132
1246640132
1246640132
1246640132
1246640132
1246640132
1246640132
1248289932
1246640132
1246640132
1246640132
1246640132
1246640132
1246640132
1246640132
1246640132
1246640132
1246640132
1246640132
1246640132
1246640132
1246640132
1246640132
1246640132
1246640132
1246640132
1246640132
1246640132
1246640132
1246640132
1246640132
1246640132
1246640132
1246640132
1246640132
1246640132
1246640132
1246640132
1246640132
1246640132
1246640132
1246640132
1246640132
1246640132
1246640132
1246640132
1246640132
1246640132
1246640132
1246640132
1246640132
1246640132
1246640132
1246640132
1246640132
1246640132
1246640132
1246640132
1246640132
1246640132
1246640132
1246640132
1246640132
1246640132
1246640132
1246640132
1246640132
1246640132
1246640132
1246640132
1246640132
1246640132
1246640132
1246640132
1246640132
1246640132
1246640132
1246640132
1246640132
1246640132
1246640132
1246640132
1246640132
1246640132
1246640132
1246640132
1246640132
1246640132
1246640132
1246640132
1246640132
1246640132
1246640132
1246640132
1246640132
1246640132
1246640132
1246640132
1246640132
1249054824
1246640132
1246640132
1246640132
1246640132
1246640132
1246640132
1246640132
1246640132
1246640132
1246640132
1246640132
1246640132
1246640132
1246640132
1246640132
1246640132
1246640132
1246640132
1246640132
1246640132
1246640132
1246640132
1246640132
1246640132
1248836756
1246640132
1246640132
1246640132
1246640132
1246640132
1246640132
1246640132
1246640132
1246640132
1246640132
1246640132
1246640132
1246640132
1246640132
1246640132
1246640132
1246640132
1246640132
1246640132
1246640132
1246640132
1246640132
1246640132
1246640132
1246640132
1246640132
1246640132
1246640132
1246640132
1246640132
1246640132
1246640132
1246640132
1246640132
1246640132
1246640132
1246640132
1246640132
1246640132
1246640132
1246640132
1246640132
1246640132
1246640132
1246640132
1246640132
1246640132
1246640132
1246640132
1246640132
1246640132
1246640132
1246640132
1246640132
1246640132
1246640132
1246640132
1246640132
1246640132
1246640132
1246640132
1246640132
1246640132
1246640132
1246640132
1246640132
1246640132
1246640132
1246640132
1246640132
1246640132
1246640132
1246640132
1246640132
1246935371
1246640132
1246640132
1246640132
1246640132
1246640132
1246640132
1246640132
1246640132
1246640132
1246640132
1246640132
1246640132
1246640132
1246640132
1246640132
1246640132
1246640132
1246640132
1246640132
1246640132
1246640132
1246640132
1246640132
1246640132
1246640132
1246640132
1246640132
1246640132
1246640132
1246640132
1246640132
1246640132
1246640132
1246640132
1246640132
1246640132
1246640132
1246640132
1246640132
1246640132
1246640132
1246640132
1246640132
1246640132
1246640132
1246640132
1246640132
1246640132
1246640132
1246640132
1246640132
1246640132
1246640132
1246640132
1248542048
1246640132
1246640132
1246640132
1246640132
1246640132
1246640132
1246640132
1246640132
1246640132
1246640132
1246640132
1246640132
1246640132
1246640132
1246640132
1246640132
1246640132
1246640132
1246640132
1246640132
1246640132
1247679113
1246640132
1246640132
1246640132
1246640132
1246640132
1246640132
1246640132
1246640132
1246640132
1246640132
1246640132
1246640132
1246640132
1246640132
1246640132
1246640132
1246640132
1246640132
1246640132
1246640132
1246640132
1246640132
1247034801
1246640132
1246640132
1246640132
1246640132
1247786008
1246640132
1246640132
1246640132
1246640132
1246640132
1246640132
1246640132
1246640132
1246640132
1246640132
1246640132
1246640132
1246640132
1246640132
1248751670
1246640132
1246640132
1246640132
1246640132
1246640132
1246640132
1246640132
1246640132
1246640132
1246640132
1246640132
1246640132
1246640132
1246640132
1246640132
1246640132
1246640132
1246640132
1246640132
1246640132
1246640132
1246640132
1246640132
1246640132
1246640132
1246640132
1246640132
1246640132
1246640132
1246640132
1246640132
1246640132
1246640132
1246640132
1246640132
1246640132
1246640132
1246640132
1246640132
1246640132
1246640132
1246640132
1246640132
1246640132
1246640132
1246640132
1246640132
1246640132
1246640132
1246640132
1246640132
1246640132
1246640132
1246640132
1246640132
1246640132
1246640132
1246640132
1246640132
1246640132
1246640132
1246640132
1246640132
1246640132
1246640132
1246640132
1246640132
1246640132
1246640132
1246640132
1246640132
1246640132
1246640132
1246640132
1246640132
1246640132
1246640132
1246640132
1246640132
1246640132
1246640132
1246640132
1246640132
1246640132
1246640132
1246640132
1246640132
1246640132
1246640132
1246640132
1246640132
1246640132
1246640132
1246640132
1246640132
1246640132
1246640132
1246640132
1246640132
1246640132
1246640132
1246640132
1246640132
1246640132
1246640132
1246640132
1246640132
1247087005
1246640132
1246640132
1246640132
1246640132
1246640132
1246640132
1246640132
1246640132
1246640132
1246640132
1246640132
1246640132
1246640132
1246640132
1246640132
1246640132
1246640132
1246640132
1246640132
1246640132
1246640132
1246640132
1246640132
1246640132
1246640132
1246640132
1246640132
1246640132
1246640132
1246640132
1246893169
1246640132
1246640132
1246640132
1246640132
1246640132
1246640132
1246640132
1246640132
1246640132
1246640132
1246640132
1246640132
1246640132
1246640132
1246640132
1246640132
1246640132
1246640132
1246640132
1246640132
1246640132
1246640132
1246640132
1246640132
1246640132
1246640132
1246640132
1246640132
1246640132
1246640132
1246640132
1246640132
1246640132
1246640132
1246640132
1246640132
1246640132
1246640132
1246640132
1246640132
1246640132
1246640132
1246640132
1246640132
1246640132
1246640132
1246640132
1246640132
1246640132
1246640132
1246640132
1246640132
1246640132
1246640132
1246640132
1246640132
1246640132
1246640132
1246640132
1246640132
1246640132
1246640132
1246640132
1246640132
1246640132
1246640132
1246640132
1246640132
1246985016
1246640132
1246640132
1246640132
1246640132
1246640132
1246640132
1246640132
1246640132
1246640132
1246640132
1246640132
1246640132
1246640132
1246640132
1246640132
1246640132
1246640132
1246640132
1246640132
1246640132
1246640132
1246640132
1246640132
1246640132
1246640132
1246640132
1246640132
1246640132
1246640132
1246640132
