135
14
0
49
0
0
0
0
0
6
0
10
0
0
279
20
0
0
0
0
0
0
0
9
1
0
0
0
0
0
0
8
0
0
0
2
0
0
24
14
0
22
163
6
0
73
0
192
1
0
157
0
13
0
0
0
0
0
0
0
0
0
91
0
0
42
0
2
0
0
121
0
0
0
48
0
0
136
0
0
0
0
0
0
0
0
0
0
0
0
21
0
0
0
0
0
0
0
0
0
124
0
144
0
0
0
0
0
0
0
0
22
0
14
52
0
0
9
0
24
0
0
1
0
0
277
0
0
0
0
44
0
0
0
0
0
0
0
2
0
0
0
18
0
0
0
237
0
0
0
9
0
0
26
0
61
0
0
0
0
0
0
0
76
0
0
0
43
1
16
0
0
60
0
0
0
0
0
0
36
0
0
0
0
0
9
0
0
72
0
0
0
0
0
0
0
0
85
0
0
0
0
0
0
0
166
0
86
0
0
0
0
0
0
0
4
0
0
4
177
1
0
0
0
0
0
0
83
36
0
0
24
0
0
1
10
0
0
0
0
0
55
0
0
7
0
0
0
0
0
0
0
0
0
0
0
5
2
0
48
105
0
0
0
0
0
0
0
0
0
4
0
0
0
26
0
0
0
135
0
0
0
0
0
1
8
0
3
0
0
0
0
0
2
0
0
98
0
0
0
17
0
0
0
38
89
15
11
0
0
0
235
94
0
0
0
296
0
59
0
2
0
0
0
0
240
0
0
0
0
57
7
0
0
196
0
9
45
6
0
0
74
0
0
0
0
0
0
16
0
0
0
6
0
0
0
80
0
11
0
0
0
0
0
0
0
0
0
0
0
0
180
0
175
0
0
57
0
0
0
0
0
0
0
137
187
0
0
0
0
86
0
70
131
0
0
0
0
0
81
0
0
0
0
0
0
0
3
0
0
0
0
0
5
0
0
0
0
0
0
0
0
0
0
0
0
160
0
0
25
0
0
0
0
0
0
0
0
0
91
0
20
0
0
0
0
0
0
23
82
0
38
0
0
0
9
0
0
6
0
0
0
0
12
0
0
0
0
0
0
0
0
3
0
247
0
0
87
0
0
0
0
56
0
50
86
0
0
0
0
0
0
0
0
0
40
0
173
0
0
0
8
0
0
0
42
0
0
0
323
133
0
71
4
0
0
0
369
0
0
0
0
391
0
0
0
0
120
65
0
0
0
0
5
0
0
0
69
0
14
0
0
0
0
0
0
0
166
58
0
96
29
99
0
0
0
0
0
0
75
64
0
0
0
50
0
1
0
67
0
6
0
76
67
0
0
0
0
0
0
0
0
0
53
14
4
0
0
0
214
0
80
0
0
0
0
48
0
10
399
101
13
26
374
43
0
36
0
0
0
0
0
0
219
0
70
0
0
0
0
23
0
0
0
0
0
0
295
9
0
0
0
0
16
247
0
0
1
0
102
8
0
174
5
10
0
0
4
0
0
0
0
3
1
0
0
0
58
150
217
0
8
0
0
0
0
0
43
0
0
0
0
0
0
0
0
0
0
0
0
2
23
0
0
12
165
0
44
0
0
79
0
112
0
74
0
0
108
0
34
0
96
0
184
1
0
0
0
0
0
2
57
0
0
96
0
1
0
0
0
0
0
0
0
1
0
0
0
0
0
0
0
0
47
0
0
0
4
0
81
0
0
0
0
3
0
0
0
0
22
0
0
0
0
0
288
0
0
0
79
0
1
0
0
2
0
0
0
3
0
0
31
0
0
0
0
5
0
0
16
0
43
0
277
8
0
67
9
0
0
0
0
0
0
0
0
1
2
0
0
0
0
0
0
0
138
0
0
0
0
0
0
0
0
224
0
0
5
0
0
0
0
0
0
22
0
0
0
0
0
0
265
138
0
14
0
114
0
0
0
0
44
10
2
0
0
0
0
19
5
0
8
0
0
0
54
0
0
0
0
3
0
109
47
0
0
0
0
0
0
6
0
236
0
0
15
0
0
0
0
0
0
0
0
0
0
0
0
0
0
101
0
0
67
0
0
163
0
29
0
50
0
0
6
105
57
0
0
0
0
0
0
0
0
0
0
0
25
12
0
0
298
0
3
251
0
110
0
0
0
0
0
103
0
0
123
3
0
0
0
0
12
0
0
0
0
0
0
82
8
30
0
0
2
78
8
0
0
0
0
0
0
0
0
0
45
0
0
0
176
0
0
29
2
0
0
0
0
20
0
0
0
0
0
0
0
0
0
2
0
0
0
92
0
0
0
0
0
0
0
